<?xml version="1.0" encoding="UTF-8"?>
<!-- Generated by org.testng.reporters.JUnitReportReporter -->
<testsuite skipped="0" hostname="BNGECO-L-90205" name="tests.AppiumNative" tests="1" failures="0" timestamp="09 Jun 2019 09:38:55 GMT" time="65.051" errors="0">
  <testcase name="NativeTest1" time="65.051" classname="tests.AppiumNative"/>
</testsuite> <!-- tests.AppiumNative -->
