<?xml version="1.0" encoding="UTF-8"?>
<!-- Generated by org.testng.reporters.JUnitReportReporter -->
<testsuite skipped="0" hostname="BNGECO-L-90205" name="tests.MMMTCredentials_01" tests="1" failures="0" timestamp="09 Jun 2019 09:38:55 GMT" time="71.020" errors="0">
  <testcase name="HomepageVerify" time="71.020" classname="tests.MMMTCredentials_01"/>
</testsuite> <!-- tests.MMMTCredentials_01 -->
