<?xml version="1.0" encoding="UTF-8"?>
<!-- Generated by org.testng.reporters.JUnitReportReporter -->
<testsuite skipped="0" hostname="BNGECO-L-90205" name="tests.makemytrip.Dragdroptest" tests="1" failures="0" timestamp="16 Jun 2019 06:46:50 GMT" time="91.690" errors="0">
  <testcase name="dragdrop" time="91.690" classname="tests.makemytrip.Dragdroptest"/>
</testsuite> <!-- tests.makemytrip.Dragdroptest -->
