<?xml version="1.0" encoding="UTF-8"?>
<!-- Generated by org.testng.reporters.JUnitReportReporter -->
<testsuite skipped="0" hostname="BNGECO-L-90205" name="tests.makemytrip.Flights_02" tests="1" failures="0" timestamp="09 Jun 2019 10:55:22 GMT" time="89.654" errors="0">
  <testcase name="Flightavailable" time="89.654" classname="tests.makemytrip.Flights_02"/>
</testsuite> <!-- tests.makemytrip.Flights_02 -->
