<?xml version="1.0" encoding="UTF-8"?>
<!-- Generated by org.testng.reporters.JUnitReportReporter -->
<testsuite skipped="0" hostname="BNGECO-L-90205" name="tests.makemytrip.HotelSearch" tests="1" failures="0" timestamp="15 Jun 2019 14:25:54 GMT" time="70.600" errors="0">
  <testcase name="hotelSearch" time="70.600" classname="tests.makemytrip.HotelSearch"/>
</testsuite> <!-- tests.makemytrip.HotelSearch -->
