<?xml version="1.0" encoding="UTF-8"?>
<!-- Generated by org.testng.reporters.JUnitReportReporter -->
<testsuite skipped="0" hostname="BNGECO-L-90205" name="tests.makemytrip.MMMTCredentials_01" tests="1" failures="0" timestamp="15 Jun 2019 10:55:42 GMT" time="675.018" errors="0">
  <testcase name="HomepageVerify" time="675.018" classname="tests.makemytrip.MMMTCredentials_01"/>
</testsuite> <!-- tests.makemytrip.MMMTCredentials_01 -->
