<?xml version="1.0" encoding="UTF-8"?>
<!-- Generated by org.testng.reporters.JUnitReportReporter -->
<testsuite skipped="0" hostname="BNGECO-L-90205" name="tests.makemytrip.Checkboxtest" tests="1" failures="0" timestamp="16 Jun 2019 06:46:50 GMT" time="94.214" errors="0">
  <testcase name="checkbox" time="94.214" classname="tests.makemytrip.Checkboxtest"/>
</testsuite> <!-- tests.makemytrip.Checkboxtest -->
