<?xml version="1.0" encoding="UTF-8"?>
<!-- Generated by org.testng.reporters.JUnitReportReporter -->
<testsuite skipped="1" hostname="BNGECO-L-90205" name="tests.Flights_02" tests="1" failures="0" timestamp="09 Jun 2019 09:27:46 GMT" time="0.000" errors="0">
  <testcase name="Flightavailable" time="0.000" classname="tests.Flights_02">
    <skipped/>
  </testcase> <!-- Flightavailable -->
</testsuite> <!-- tests.Flights_02 -->
